<?xml version="1.0" encoding="UTF-8"?>
<!-- Generated by org.testng.reporters.JUnitReportReporter -->
<testsuite skipped="0" hostname="Annapurna" name="resrassuredtests.Demo1_GET_request" tests="1" failures="0" timestamp="२०२०-१२-२४T१४:५७:२० IST" time="१४.९२६" errors="0">
  <testcase name="getWeatherDeatils" time="१४.९२६" classname="resrassuredtests.Demo1_GET_request"/>
  <system-out/>
</testsuite> <!-- resrassuredtests.Demo1_GET_request -->
