<?xml version="1.0" encoding="UTF-8"?>
<!-- Generated by org.testng.reporters.JUnitReportReporter -->
<testsuite skipped="0" hostname="Annapurna" name="resrassuredtests.Demo5_Basicvalidation_JSONresponse" tests="3" failures="0" timestamp="२०२०-१२-२४T१६:२०:१३ IST" time="४.९९३" errors="0">
  <testcase name="testStatusCode" time="३.७०६" classname="resrassuredtests.Demo5_Basicvalidation_JSONresponse"/>
  <system-out/>
  <testcase name="testLogging" time="०.७३०" classname="resrassuredtests.Demo5_Basicvalidation_JSONresponse"/>
  <system-out/>
  <testcase name="testsinglecontent" time="०.५५७" classname="resrassuredtests.Demo5_Basicvalidation_JSONresponse"/>
  <system-out/>
</testsuite> <!-- resrassuredtests.Demo5_Basicvalidation_JSONresponse -->
