<?xml version="1.0" encoding="UTF-8"?>
<!-- Generated by org.testng.reporters.JUnitReportReporter -->
<testsuite skipped="0" hostname="Annapurna" name="resrassuredtests.Demo2_POST_Resquest" tests="1" failures="0" timestamp="२०२०-१२-२५T१५:०९:५४ IST" time="६.७३१" errors="0">
  <testcase name="testpost" time="६.७३१" classname="resrassuredtests.Demo2_POST_Resquest"/>
  <system-out/>
</testsuite> <!-- resrassuredtests.Demo2_POST_Resquest -->
