<?xml version="1.0" encoding="UTF-8"?>
<!-- Generated by org.testng.reporters.JUnitReportReporter -->
<testsuite skipped="0" hostname="Annapurna" name="resrassuredtests.Demo_POST_Resquest" tests="1" failures="0" timestamp="२०२०-१२-२४T१४:३२:२२ IST" time="१३.८९७" errors="0">
  <testcase name="testpost" time="१३.८९७" classname="resrassuredtests.Demo_POST_Resquest"/>
  <system-out/>
</testsuite> <!-- resrassuredtests.Demo_POST_Resquest -->
