<?xml version="1.0" encoding="UTF-8"?>
<!-- Generated by org.testng.reporters.JUnitReportReporter -->
<testsuite skipped="0" hostname="Annapurna" name="resrassuredtests.Demo10_DELETE_sadhanapratice" tests="1" failures="0" timestamp="२०२०-१२-२९T१०:३३:१५ IST" time="९.६१४" errors="0">
  <testcase name="test3" time="९.६१४" classname="resrassuredtests.Demo10_DELETE_sadhanapratice"/>
  <system-out/>
</testsuite> <!-- resrassuredtests.Demo10_DELETE_sadhanapratice -->
