<?xml version="1.0" encoding="UTF-8"?>
<!-- Generated by org.testng.reporters.JUnitReportReporter -->
<testsuite skipped="0" hostname="Annapurna" name="resrassuredtests.Demo4_DELETE_Request" tests="1" failures="0" timestamp="२०२०-१२-२४T१४:५९:२५ IST" time="५.३७८" errors="0">
  <testcase name="deleteEmployeeRecode" time="५.३७८" classname="resrassuredtests.Demo4_DELETE_Request"/>
  <system-out/>
</testsuite> <!-- resrassuredtests.Demo4_DELETE_Request -->
