<?xml version="1.0" encoding="UTF-8"?>
<!-- Generated by org.testng.reporters.JUnitReportReporter -->
<testsuite skipped="0" hostname="Annapurna" name="resrassuredtests.Demo9_sadhanapratice" tests="1" failures="0" timestamp="२०२०-१२-२८T२२:२७:३२ IST" time="११.०७०" errors="0">
  <testcase name="test1" time="११.०७०" classname="resrassuredtests.Demo9_sadhanapratice"/>
  <system-out/>
</testsuite> <!-- resrassuredtests.Demo9_sadhanapratice -->
